1640583791301	geckodriver	INFO	Listening on 127.0.0.1:54250
1640584082816	geckodriver	INFO	Listening on 127.0.0.1:54425
1640584159942	geckodriver	INFO	Listening on 127.0.0.1:54496
1640584230399	geckodriver	INFO	Listening on 127.0.0.1:54539
1640584316535	geckodriver	INFO	Listening on 127.0.0.1:54593
1640584319575	mozrunner::runner	INFO	Running command: "C:\\Program Files\\Mozilla Firefox\\firefox.exe" "--marionette" "--remote-debugging-port" "54594" "-no-remote" "-profile" "C:\\Users\\bsaub\\AppData\\Local\\Temp\\rust_mozprofileBr5OaH"
JavaScript error: resource://gre/modules/XULStore.jsm, line 66: Error: Can't find profile directory.
console.error: SearchCache: "_readCacheFile: Error reading cache file:" (new Error("", "(unknown module)"))
1640584322890	Marionette	INFO	Listening on port 54600
1640584323277	Marionette	WARN	TLS certificate errors will be ignored for this session
JavaScript error: resource://gre/modules/PartitioningExceptionListService.jsm, line 69: NS_ERROR_MALFORMED_URI: Component returned failure code: 0x804b000a (NS_ERROR_MALFORMED_URI) [nsIPartitioningExceptionListObserver.onExceptionListUpdate]
JavaScript error: , line 0: AbortError: The operation was aborted. 
1640585062252	Marionette	INFO	Stopped listening on port 54600

###!!! [Child][RunMessage] Error: Channel closing: too late to send/recv, messages will be lost


###!!! [Child][MessageChannel::SendAndWait] Error: Channel error: cannot send/recv

source://gre/modules/XULStore.jsm, line 66: Error: Can't find profile directory.
console.error: SearchCache: "_readCacheFile: Error reading cache file:" (new Error("", "(unknown module)"))
1640584394940	Marionette	INFO	Listening on port 54752
1640584395397	Marionette	WARN	TLS certificate errors will be ignored for this session
JavaScript error: resource://gre/modules/PartitioningExceptionListService.jsm, line 69: NS_ERROR_MALFORMED_URI: Component returned failure code: 0x804b000a (NS_ERROR_MALFORMED_URI) [nsIPartitioningExceptionListObserver.onExceptionListUpdate]
JavaScript error: https://www.pinnacle.com/static/js/65.e03bf715.chunk.js, line 1: uncaught exception: null
JavaScript error: https://www.pinnacle.com/static/js/65.e03bf715.chunk.js, line 1: uncaught exception: null
JavaScript error: , line 0: AbortError: The operation was aborted. 
1640585063109	Marionette	INFO	Stopped listening on port 54752

###!!! [Child][RunMessage] Error: Channel closing: too late to send/recv, messages will be lost


###!!! [Child][MessageChannel::SendAndWait] Error: Channel error: cannot send/recv

river	INFO	Listening on 127.0.0.1:55010
1640584554557	mozrunner::runner	INFO	Running command: "C:\\Program Files\\Mozilla Firefox\\firefox.exe" "--marionette" "--remote-debugging-port" "55011" "-no-remote" "-profile" "C:\\Users\\bsaub\\AppData\\Local\\Temp\\rust_mozprofileXUqQwq"
JavaScript error: resource://gre/modules/XULStore.jsm, line 66: Error: Can't find profile directory.
console.error: SearchCache: "_readCacheFile: Error reading cache file:" (new Error("", "(unknown module)"))
1640584556831	Marionette	INFO	Listening on port 55019
1640584557251	Marionette	WARN	TLS certificate errors will be ignored for this session
JavaScript error: resource://gre/modules/PartitioningExceptionListService.jsm, line 69: NS_ERROR_MALFORMED_URI: Component returned failure code: 0x804b000a (NS_ERROR_MALFORMED_URI) [nsIPartitioningExceptionListObserver.onExceptionListUpdate]
JavaScript error: , line 0: AbortError: The operation was aborted. 
1640585064041	Marionette	INFO	Stopped listening on port 55019

###!!! [Child][RunMessage] Error: Channel closing: too late to send/recv, messages will be lost


###!!! [Child][MessageChannel::SendAndWait] Error: Channel error: cannot send/recv

source://gre/modules/XULStore.jsm, line 66: Error: Can't find profile directory.
console.error: SearchCache: "_readCacheFile: Error reading cache file:" (new Error("", "(unknown module)"))
1640584584313	Marionette	INFO	Listening on port 55151
1640584584373	Marionette	WARN	TLS certificate errors will be ignored for this session
JavaScript error: resource://gre/modules/PartitioningExceptionListService.jsm, line 69: NS_ERROR_MALFORMED_URI: Component returned failure code: 0x804b000a (NS_ERROR_MALFORMED_URI) [nsIPartitioningExceptionListObserver.onExceptionListUpdate]
JavaScript error: https://www.pinnacle.com/static/js/65.e03bf715.chunk.js, line 1: uncaught exception: null
JavaScript error: https://www.pinnacle.com/static/js/65.e03bf715.chunk.js, line 1: uncaught exception: null
JavaScript error: , line 0: AbortError: The operation was aborted. 
1640585064848	Marionette	INFO	Stopped listening on port 55151

###!!! [Child][RunMessage] Error: Channel closing: too late to send/recv, messages will be lost


###!!! [Child][MessageChannel::SendAndWait] Error: Channel error: cannot send/recv

source://gre/modules/XULStore.jsm, line 66: Error: Can't find profile directory.
console.error: SearchCache: "_readCacheFile: Error reading cache file:" (new Error("", "(unknown module)"))
1640584657786	Marionette	INFO	Listening on port 55320
1640584658197	Marionette	WARN	TLS certificate errors will be ignored for this session
JavaScript error: resource://gre/modules/PartitioningExceptionListService.jsm, line 69: NS_ERROR_MALFORMED_URI: Component returned failure code: 0x804b000a (NS_ERROR_MALFORMED_URI) [nsIPartitioningExceptionListObserver.onExceptionListUpdate]
JavaScript error: , line 0: AbortError: The operation was aborted. 
1640585065730	Marionette	INFO	Stopped listening on port 55320

###!!! [Child][RunMessage] Error: Channel closing: too late to send/recv, messages will be lost


###!!! [Child][MessageChannel::SendAndWait] Error: Channel error: cannot send/recv

source://gre/modules/XULStore.jsm, line 66: Error: Can't find profile directory.
console.error: SearchCache: "_readCacheFile: Error reading cache file:" (new Error("", "(unknown module)"))
1640584735072	Marionette	INFO	Listening on port 55493
1640584735203	Marionette	WARN	TLS certificate errors will be ignored for this session
JavaScript error: resource://gre/modules/PartitioningExceptionListService.jsm, line 69: NS_ERROR_MALFORMED_URI: Component returned failure code: 0x804b000a (NS_ERROR_MALFORMED_URI) [nsIPartitioningExceptionListObserver.onExceptionListUpdate]
JavaScript error: , line 0: AbortError: The operation was aborted. 
1640585066524	Marionette	INFO	Stopped listening on port 55493

###!!! [Child][RunMessage] Error: Channel closing: too late to send/recv, messages will be lost


###!!! [Child][MessageChannel::SendAndWait] Error: Channel error: cannot send/recv

source://gre/modules/XULStore.jsm, line 66: Error: Can't find profile directory.
console.error: SearchCache: "_readCacheFile: Error reading cache file:" (new Error("", "(unknown module)"))
1640585057545	Marionette	INFO	Listening on port 55884
1640585057765	Marionette	WARN	TLS certificate errors will be ignored for this session
JavaScript error: resource://gre/modules/PartitioningExceptionListService.jsm, line 69: NS_ERROR_MALFORMED_URI: Component returned failure code: 0x804b000a (NS_ERROR_MALFORMED_URI) [nsIPartitioningExceptionListObserver.onExceptionListUpdate]
JavaScript error: , line 0: AbortError: The operation was ab1640585079922	mozrunner::runner	INFO	Running command: "C:\\Program Files\\Mozilla Firefox\\firefox.exe" "--marionette" "--remote-debugging-port" "56004" "-no-remote" "-profile" "C:\\Users\\bsaub\\AppData\\Local\\Temp\\rust_mozprofileeubOl2"
JavaScript error: resource://gre/modules/XULStore.jsm, line 66: Error: Can't find profile directory.
console.error: SearchCache: "_readCacheFile: Error reading cache file:" (new Error("", "(unknown module)"))
1640585082335	Marionette	INFO	Listening on port 56011
1640585082587	Marionette	WARN	TLS certificate errors will be ignored for this session
JavaScript error: resource://gre/modules/PartitioningExceptionListService.jsm, line 69: NS_ERROR_MALFORMED_URI: Component returned failure code: 0x804b000a (NS_ERROR_MALFORMED_URI) [nsIPartitioningExceptionListObserver.onExceptionListUpdate]
JavaScript error: , line 0: AbortError: The operation was ab1640585112704	mozrunner::runner	INFO	Running command: "C:\\Program Files\\Mozilla Firefox\\firefox.exe" "--marionette" "--remote-debugging-port" "56132" "-no-remote" "-profile" "C:\\Users\\bsaub\\AppData\\Local\\Temp\\rust_mozprofiletpth88"
JavaScript error: resource://gre/modules/XULStore.jsm, line 66: Error: Can't find profile directory.
console.error: SearchCache: "_readCacheFile: Error reading cache file:" (new Error("", "(unknown module)"))
1640585114847	Marionette	INFO	Listening on port 56139
1640585114892	Marionette	WARN	TLS certificate errors will be ignored for this session
JavaScript error: resource://gre/modules/PartitioningExceptionListService.jsm, line 69: NS_ERROR_MALFORMED_URI: Component returned failure code: 0x804b000a (NS_ERROR_MALFORMED_URI) [nsIPartitioningExceptionListObserver.onExceptionListUpdate]
JavaScript error: , line 0: AbortError: The operation was aborted. 
1640585390519	Marionette	INFO	Stopped listening on port 56139

###!!! [Child][RunMessage] Error: Channel closing: too late to send/recv, messages will be lost


###!!! [Child][MessageChannel::SendAndWait] Error: Channel error: cannot send/recv

1640585394745	geckodriver	INFO	Listening on 127.0.0.1:59659
1640585397825	mozrunner::runner	INFO	Running command: "C:\\Program Files\\Mozilla Firefox\\firefox.exe" "--marionette" "--remote-debugging-port" "59660" "-no-remote" "-profile" "C:\\Users\\bsaub\\AppData\\Local\\Temp\\rust_mozprofileguYeWD"
JavaScript error: resource://gre/modules/XULStore.jsm, line 66: Error: Can't find profile directory.
console.error: SearchCache: "_readCacheFile: Error reading cache file:" (new Error("", "(unknown module)"))
1640585399956	Marionette	INFO	Listening on port 59666
1640585399997	Marionette	WARN	TLS certificate errors will be ignored for this session
JavaScript error: resource://gre/modules/PartitioningExceptionListService.jsm, line 69: NS_ERROR_MALFORMED_URI: Component returned failure code: 0x804b000a (NS_ERROR_MALFORMED_URI) [nsIPartitioningExceptionListObserver.onExceptionListUpdate]
JavaScript error: https://www.pinnacle.com/static/js/65.e03bf715.chunk.js, line 1: uncaught exception: null
JavaScript error: https://www.pinnacle.com/static/js/65.e03bf715.chunk.js, line 1: uncaught exception: null
JavaScript error: , line 0: AbortError: The operation was ab1640585431253	mozrunner::runner	INFO	Running command: "C:\\Program Files\\Mozilla Firefox\\firefox.exe" "--marionette" "--remote-debugging-port" "59786" "-no-remote" "-profile" "C:\\Users\\bsaub\\AppData\\Local\\Temp\\rust_mozprofileLG2jKD"
JavaScript error: resource://gre/modules/XULStore.jsm, line 66: Error: Can't find profile directory.
console.error: SearchCache: "_readCacheFile: Error reading cache file:" (new Error("", "(unknown module)"))
1640585433315	Marionette	INFO	Listening on port 59792
1640585433487	Marionette	WARN	TLS certificate errors will be ignored for this session
JavaScript error: resource://gre/modules/PartitioningExceptionListService.jsm, line 69: NS_ERROR_MALFORMED_URI: Component returned failure code: 0x804b000a (NS_ERROR_MALFORMED_URI) [nsIPartitioningExceptionListObserver.onExceptionListUpdate]
JavaScript error: , line 0: AbortError: The operation was aborted. 
1640586102783	Marionette	INFO	Stopped listening on port 59792

###!!! [Child][RunMessage] Error: Channel closing: too late to send/recv, messages will be lost


###!!! [Child][MessageChannel::SendAndWait] Error: Channel error: cannot send/recv

ta\\Local\\Temp\\rust_mozprofilemBXI2T"
JavaScript error: resource://gre/modules/XULStore.jsm, line 66: Error: Can't find profile directory.
console.error: SearchCache: "_readCacheFile: Error reading cache file:" (new Error("", "(unknown module)"))
1640586049410	Marionette	INFO	Listening on port 61316
1640586049477	Marionette	WARN	TLS certificate errors will be ignored for this session
JavaScript error: resource://gre/modules/PartitioningExceptionListService.jsm, line 69: NS_ERROR_MALFORMED_URI: Component returned failure code: 0x804b000a (NS_ERROR_MALFORMED_URI) [nsIPartitioningExceptionListObserver.onExceptionListUpdate]
JavaScript error: , line 0: AbortError: The operation was ab1640586103869	mozrunner::runner	INFO	Running command: "C:\\Program Files\\Mozilla Firefox\\firefox.exe" "--marionette" "--remote-debugging-port" "61449" "-no-remote" "-profile" "C:\\Users\\bsaub\\AppData\\Local\\Temp\\rust_mozprofilefJRNGN"
JavaScript error: resource://gre/modules/XULStore.jsm, line 66: Error: Can't find profile directory.
console.error: SearchCache: "_readCacheFile: Error reading cache file:" (new Error("", "(unknown module)"))
1640586106031	Marionette	INFO	Listening on port 61455
1640586106114	Marionette	WARN	TLS certificate errors will be ignored for this session
JavaScript error: resource://gre/modules/PartitioningExceptionListService.jsm, line 69: NS_ERROR_MALFORMED_URI: Component returned failure code: 0x804b000a (NS_ERROR_MALFORMED_URI) [nsIPartitioningExceptionListObserver.onExceptionListUpdate]
JavaScript error: , line 0: AbortError: The operation was ab1640586256269	mozrunner::runner	INFO	Running command: "C:\\Program Files\\Mozilla Firefox\\firefox.exe" "--marionette" "--remote-debugging-port" "61649" "-no-remote" "-profile" "C:\\Users\\bsaub\\AppData\\Local\\Temp\\rust_mozprofileT4r9dM"
JavaScript error: resource://gre/modules/XULStore.jsm, line 66: Error: Can't find profile directory.
console.error: SearchCache: "_readCacheFile: Error reading cache file:" (new Error("", "(unknown module)"))
1640586258349	Marionette	INFO	Listening on port 61656
1640586258441	Marionette	WARN	TLS certificate errors will be ignored for this session
JavaScript error: resource://gre/modules/PartitioningExceptionListService.jsm, line 69: NS_ERROR_MALFORMED_URI: Component returned failure code: 0x804b000a (NS_ERROR_MALFORMED_URI) [nsIPartitioningExceptionListObserver.onExceptionListUpdate]
JavaScript error: , line 0: TypeError: NetworkError when attempting to fetch resource.
JavaScript error: , line 0: AbortError: The operation was aborted. 
1640586482177	Marionette	INFO	Stopped listening on port 61656

###!!! [Child][RunMessage] Error: Channel closing: too late to send/recv, messages will be lost


###!!! [Child][MessageChannel::SendAndWait] Error: Channel error: cannot send/recv

source://gre/modules/XULStore.jsm, line 66: Error: Can't find profile directory.
console.error: SearchCache: "_readCacheFile: Error reading cache file:" (new Error("", "(unknown module)"))
1640586480449	Marionette	INFO	Listening on port 59367
1640586480512	Marionette	WARN	TLS certificate errors will be ignored for this session
JavaScript error: resource://gre/modules/PartitioningExceptionListService.jsm, line 69: NS_ERROR_MALFORMED_URI: Component returned failure code: 0x804b000a (NS_ERROR_MALFORMED_URI) [nsIPartitioningExceptionListObserver.onExceptionListUpdate]
JavaScript error: , line 0: AbortError: The operation was aborted. 
1640586533646	Marionette	INFO	Stopped listening on port 59367

###!!! [Child][RunMessage] Error: Channel closing: too late to send/recv, messages will be lost


###!!! [Child][MessageChannel::SendAndWait] Error: Channel error: cannot send/recv

source://gre/modules/XULStore.jsm, line 66: Error: Can't find profile directory.
console.error: SearchCache: "_readCacheFile: Error reading cache file:" (new Error("", "(unknown module)"))
1640586519521	Marionette	INFO	Listening on port 59505
1640586519537	Marionette	WARN	TLS certificate errors will be ignored for this session
JavaScript error: resource://gre/modules/PartitioningExceptionListService.jsm, line 69: NS_ERROR_MALFORMED_URI: Component returned failure code: 0x804b000a (NS_ERROR_MALFORMED_URI) [nsIPartitioningExceptionListObserver.onExceptionListUpdate]
JavaScript error: https://www.pinnacle.com/static/js/65.e03bf715.chunk.js, line 1: uncaught exception: null
JavaScript error: https://www.pinnacle.com/static/js/65.e03bf715.chunk.js, line 1: uncaught exception: null
JavaScript error: , line 0: AbortError: The operation was aborted. 
1640586532716	Marionette	INFO	Stopped listening on port 59505

###!!! [Child][RunMessage] Error: Channel closing: too late to send/recv, messages will be lost


###!!! [Child][MessageChannel::SendAndWait] Error: Channel error: cannot send/recv

1640586539426	geckodriver	INFO	Listening on 127.0.0.1:59621
1640586542464	mozrunner::runner	INFO	Running command: "C:\\Program Files\\Mozilla Firefox\\firefox.exe" "--marionette" "--remote-debugging-port" "59622" "-no-remote" "-profile" "C:\\Users\\bsaub\\AppData\\Local\\Temp\\rust_mozprofileSQ50qF"
JavaScript error: resource://gre/modules/XULStore.jsm, line 66: Error: Can't find profile directory.
console.error: SearchCache: "_readCacheFile: Error reading cache file:" (new Error("", "(unknown module)"))
1640586544473	Marionette	INFO	Listening on port 59628
1640586544538	Marionette	WARN	TLS certificate errors will be ignored for this session
JavaScript error: resource://gre/modules/PartitioningExceptionListService.jsm, line 69: NS_ERROR_MALFORMED_URI: Component returned failure code: 0x804b000a (NS_ERROR_MALFORMED_URI) [nsIPartitioningExceptionListObserver.onExceptionListUpdate]
JavaScript error: https://www.pinnacle.com/static/js/65.e03bf715.chunk.js, line 1: uncaught exception: null
JavaScript error: https://www.pinnacle.com/static/js/65.e03bf715.chunk.js, line 1: uncaught exception: null
JavaScript error: , line 0: AbortError: The operation was aborted. 
1640586578757	Marionette	INFO	Stopped listening on port 59628

###!!! [Child][RunMessage] Error: Channel closing: too late to send/recv, messages will be lost


###!!! [Child][MessageChannel::SendAndWait] Error: Channel error: cannot send/recv

source://gre/modules/XULStore.jsm, line 66: Error: Can't find profile directory.
console.error: SearchCache: "_readCacheFile: Error reading cache file:" (new Error("", "(unknown module)"))
1640586579845	Marionette	INFO	Listening on port 59754
1640586579857	Marionette	WARN	TLS certificate errors will be ignored for this session
JavaScript error: resource://gre/modules/PartitioningExceptionListService.jsm, line 69: NS_ERROR_MALFORMED_URI: Component returned failure code: 0x804b000a (NS_ERROR_MALFORMED_URI) [nsIPartitioningExceptionListObserver.onExceptionListUpdate]
JavaScript error: https://www.pinnacle.com/static/js/65.e03bf715.chunk.js, line 1: uncaught exception: null
JavaScript error: https://www.pinnacle.com/static/js/65.e03bf715.chunk.js, line 1: uncaught exception: null
JavaScript error: , line 0: AbortError: The operation was aborted. 
1640587136924	Marionette	INFO	Stopped listening on port 59754

###!!! [Child][RunMessage] Error: Channel closing: too late to send/recv, messages will be lost


###!!! [Child][MessageChannel::SendAndWait] Error: Channel error: cannot send/recv

source://gre/modules/XULStore.jsm, line 66: Error: Can't find profile directory.
console.error: SearchCache: "_readCacheFile: Error reading cache file:" (new Error("", "(unknown module)"))
1640587136438	Marionette	INFO	Listening on port 60180
1640587136518	Marionette	WARN	TLS certificate errors will be ignored for this session
JavaScript error: resource://gre/modules/PartitioningExceptionListService.jsm, line 69: NS_ERROR_MALFORMED_URI: Component returned failure code: 0x804b000a (NS_ERROR_MALFORMED_URI) [nsIPartitioningExceptionListObserver.onExceptionListUpdate]
JavaScript error: , line 0: AbortError: The operation was aborted. 
1640587165211	Marionette	INFO	Stopped listening on port 60180

###!!! [Child][RunMessage] Error: Channel closing: too late to send/recv, messages will be lost


###!!! [Child][MessageChannel::SendAndWait] Error: Channel error: cannot send/recv

1640587166546	geckodriver	INFO	Listening on 127.0.0.1:62689
1640587169581	mozrunner::runner	INFO	Running command: "C:\\Program Files\\Mozilla Firefox\\firefox.exe" "--marionette" "--remote-debugging-port" "62690" "-no-remote" "-profile" "C:\\Users\\bsaub\\AppData\\Local\\Temp\\rust_mozprofilebaf7zx"
JavaScript error: resource://gre/modules/XULStore.jsm, line 66: Error: Can't find profile directory.
console.error: SearchCache: "_readCacheFile: Error reading cache file:" (new Error("", "(unknown module)"))
1640587171581	Marionette	INFO	Listening on port 62696
1640587171651	Marionette	WARN	TLS certificate errors will be ignored for this session
JavaScript error: resource://gre/modules/PartitioningExceptionListService.jsm, line 69: NS_ERROR_MALFORMED_URI: Component returned failure code: 0x804b000a (NS_ERROR_MALFORMED_URI) [nsIPartitioningExceptionListObserver.onExceptionListUpdate]
JavaScript error: , line 0: AbortError: The operation was aborted. 
1640587279220	Marionette	INFO	Stopped listening on port 62696

###!!! [Child][RunMessage] Error: Channel closing: too late to send/recv, messages will be lost


###!!! [Child][MessageChannel::SendAndWait] Error: Channel error: cannot send/recv

source://gre/modules/XULStore.jsm, line 66: Error: Can't find profile directory.
console.error: SearchCache: "_readCacheFile: Error reading cache file:" (new Error("", "(unknown module)"))
1640587262743	Marionette	INFO	Listening on port 62860
1640587262775	Marionette	WARN	TLS certificate errors will be ignored for this session
JavaScript error: resource://gre/modules/PartitioningExceptionListService.jsm, line 69: NS_ERROR_MALFORMED_URI: Component returned failure code: 0x804b000a (NS_ERROR_MALFORMED_URI) [nsIPartitioningExceptionListObserver.onExceptionListUpdate]
JavaScript error: https://www.pinnacle.com/static/js/65.e03bf715.chunk.js, line 1: uncaught exception: null
JavaScript error: https://www.pinnacle.com/static/js/65.e03bf715.chunk.js, line 1: uncaught exception: null
JavaScript error: , line 0: AbortError: The operation was aborted. 
1640587270501	Marionette	INFO	Stopped listening on port 62860

###!!! [Child][RunMessage] Error: Channel closing: too late to send/recv, messages will be lost


###!!! [Child][MessageChannel::SendAndWait] Error: Channel error: cannot send/recv

1640587312660	geckodriver	INFO	Listening on 127.0.0.1:62996
1640587315723	mozrunner::runner	INFO	Running command: "C:\\Program Files\\Mozilla Firefox\\firefox.exe" "--marionette" "--remote-debugging-port" "62997" "-no-remote" "-profile" "C:\\Users\\bsaub\\AppData\\Local\\Temp\\rust_mozprofile0VqBP4"
JavaScript error: resource://gre/modules/XULStore.jsm, line 66: Error: Can't find profile directory.
console.error: SearchCache: "_readCacheFile: Error reading cache file:" (new Error("", "(unknown module)"))
1640587317814	Marionette	INFO	Listening on port 63003
1640587317906	Marionette	WARN	TLS certificate errors will be ignored for this session
JavaScript error: resource://gre/modules/PartitioningExceptionListService.jsm, line 69: NS_ERROR_MALFORMED_URI: Component returned failure code: 0x804b000a (NS_ERROR_MALFORMED_URI) [nsIPartitioningExceptionListObserver.onExceptionListUpdate]
JavaScript error: , line 0: AbortError: The operation was ab1640587371665	mozrunner::runner	INFO	Running command: "C:\\Program Files\\Mozilla Firefox\\firefox.exe" "--marionette" "--remote-debugging-port" "63135" "-no-remote" "-profile" "C:\\Users\\bsaub\\AppData\\Local\\Temp\\rust_mozprofilewfuMLz"
JavaScript error: resource://gre/modules/XULStore.jsm, line 66: Error: Can't find profile directory.
console.error: SearchCache: "_readCacheFile: Error reading cache file:" (new Error("", "(unknown module)"))
1640587373893	Marionette	INFO	Listening on port 63141
1640587374333	Marionette	WARN	TLS certificate errors will be ignored for this session
JavaScript error: resource://gre/modules/PartitioningExceptionListService.jsm, line 69: NS_ERROR_MALFORMED_URI: Component returned failure code: 0x804b000a (NS_ERROR_MALFORMED_URI) [nsIPartitioningExceptionListObserver.onExceptionListUpdate]
JavaScript error: https://www.pinnacle.com/static/js/65.e03bf715.chunk.js, line 1: uncaught exception: null
JavaScript error: https://www.pinnacle.com/static/js/65.e03bf715.chunk.js, line 1: uncaught exception: null
JavaScript error: , line 0: AbortError: The operation was aborted. 
1640587379516	Marionette	INFO	Stopped listening on port 63141

###!!! [Child][RunMessage] Error: Channel closing: too late to send/recv, messages will be lost


###!!! [Child][MessageChannel::SendAndWait] Error: Channel error: cannot send/recv

1640587391129	geckodriver	INFO	Listening on 127.0.0.1:63253
1640587394179	mozrunner::runner	INFO	Running command: "C:\\Program Files\\Mozilla Firefox\\firefox.exe" "--marionette" "--remote-debugging-port" "63254" "-no-remote" "-profile" "C:\\Users\\bsaub\\AppData\\Local\\Temp\\rust_mozprofileo7d5jY"
JavaScript error: resource://gre/modules/XULStore.jsm, line 66: Error: Can't find profile directory.
console.error: SearchCache: "_readCacheFile: Error reading cache file:" (new Error("", "(unknown module)"))
1640587396224	Marionette	INFO	Listening on port 63261
1640587396258	Marionette	WARN	TLS certificate errors will be ignored for this session
JavaScript error: resource://gre/modules/PartitioningExceptionListService.jsm, line 69: NS_ERROR_MALFORMED_URI: Component returned failure code: 0x804b000a (NS_ERROR_MALFORMED_URI) [nsIPartitioningExceptionListObserver.onExceptionListUpdate]
JavaScript error: https://www.pinnacle.com/static/js/65.e03bf715.chunk.js, line 1: uncaught exception: null
JavaScript error: https://www.pinnacle.com/static/js/65.e03bf715.chunk.js, line 1: uncaught exception: null
JavaScript error: , line 0: AbortError: The operation was aborted. 
1640587401664	Marionette	INFO	Stopped listening on port 63261

###!!! [Child][RunMessage] Error: Channel closing: too late to send/recv, messages will be lost


###!!! [Child][MessageChannel::SendAndWait] Error: Channel error: cannot send/recv

1640587428110	geckodriver	INFO	Listening on 127.0.0.1:63387
1640587431161	mozrunner::runner	INFO	Running command: "C:\\Program Files\\Mozilla Firefox\\firefox.exe" "--marionette" "--remote-debugging-port" "63388" "-no-remote" "-profile" "C:\\Users\\bsaub\\AppData\\Local\\Temp\\rust_mozprofiletuLjsz"
JavaScript error: resource://gre/modules/XULStore.jsm, line 66: Error: Can't find profile directory.
console.error: SearchCache: "_readCacheFile: Error reading cache file:" (new Error("", "(unknown module)"))
1640587433188	Marionette	INFO	Listening on port 63395
1640587433223	Marionette	WARN	TLS certificate errors will be ignored for this session
JavaScript error: resource://gre/modules/PartitioningExceptionListService.jsm, line 69: NS_ERROR_MALFORMED_URI: Component returned failure code: 0x804b000a (NS_ERROR_MALFORMED_URI) [nsIPartitioningExceptionListObserver.onExceptionListUpdate]
JavaScript error: , line 0: AbortError: The operation was aborted. 
1640587474571	Marionette	INFO	Stopped listening on port 63395

###!!! [Child][RunMessage] Error: Channel closing: too late to send/recv, messages will be lost


###!!! [Child][MessageChannel::SendAndWait] Error: Channel error: cannot send/recv

1640587476069	geckodriver	INFO	Listening on 127.0.0.1:63525
1640587479099	mozrunner::runner	INFO	Running command: "C:\\Program Files\\Mozilla Firefox\\firefox.exe" "--marionette" "--remote-debugging-port" "63526" "-no-remote" "-profile" "C:\\Users\\bsaub\\AppData\\Local\\Temp\\rust_mozprofile5FNs1r"
JavaScript error: resource://gre/modules/XULStore.jsm, line 66: Error: Can't find profile directory.
console.error: SearchCache: "_readCacheFile: Error reading cache file:" (new Error("", "(unknown module)"))
1640587481085	Marionette	INFO	Listening on port 63532
1640587481153	Marionette	WARN	TLS certificate errors will be ignored for this session
JavaScript error: resource://gre/modules/PartitioningExceptionListService.jsm, line 69: NS_ERROR_MALFORMED_URI: Component returned failure code: 0x804b000a (NS_ERROR_MALFORMED_URI) [nsIPartitioningExceptionListObserver.onExceptionListUpdate]
JavaScript error: , line 0: AbortError: The operation was aborted. 
1640587505722	Marionette	INFO	Stopped listening on port 63532

###!!! [Child][RunMessage] Error: Channel closing: too late to send/recv, messages will be lost


###!!! [Child][MessageChannel::SendAndWait] Error: Channel error: cannot send/recv

1640587512712	geckodriver	INFO	Listening on 127.0.0.1:63655
1640587515772	mozrunner::runner	INFO	Running command: "C:\\Program Files\\Mozilla Firefox\\firefox.exe" "--marionette" "--remote-debugging-port" "63656" "-no-remote" "-profile" "C:\\Users\\bsaub\\AppData\\Local\\Temp\\rust_mozprofileQTkrDD"
JavaScript error: resource://gre/modules/XULStore.jsm, line 66: Error: Can't find profile directory.
console.error: SearchCache: "_readCacheFile: Error reading cache file:" (new Error("", "(unknown module)"))
1640587517758	Marionette	INFO	Listening on port 63662
1640587517829	Marionette	WARN	TLS certificate errors will be ignored for this session
JavaScript error: resource://gre/modules/PartitioningExceptionListService.jsm, line 69: NS_ERROR_MALFORMED_URI: Component returned failure code: 0x804b000a (NS_ERROR_MALFORMED_URI) [nsIPartitioningExceptionListObserver.onExceptionListUpdate]
JavaScript error: , line 0: AbortError: The operation was aborted. 
1640587636842	Marionette	INFO	Stopped listening on port 63662

###!!! [Child][RunMessage] Error: Channel closing: too late to send/recv, messages will be lost


###!!! [Child][MessageChannel::SendAndWait] Error: Channel error: cannot send/recv

1640587638334	geckodriver	INFO	Listening on 127.0.0.1:63827
1640587641392	mozrunner::runner	INFO	Running command: "C:\\Program Files\\Mozilla Firefox\\firefox.exe" "--marionette" "--remote-debugging-port" "63828" "-no-remote" "-profile" "C:\\Users\\bsaub\\AppData\\Local\\Temp\\rust_mozprofileq0kV4C"
JavaScript error: resource://gre/modules/XULStore.jsm, line 66: Error: Can't find profile directory.
console.error: SearchCache: "_readCacheFile: Error reading cache file:" (new Error("", "(unknown module)"))
1640587643473	Marionette	INFO	Listening on port 63835
1640587643581	Marionette	WARN	TLS certificate errors will be ignored for this session
JavaScript error: resource://gre/modules/PartitioningExceptionListService.jsm, line 69: NS_ERROR_MALFORMED_URI: Component returned failure code: 0x804b000a (NS_ERROR_MALFORMED_URI) [nsIPartitioningExceptionListObserver.onExceptionListUpdate]
JavaScript error: https://www.pinnacle.com/static/js/65.e03bf715.chunk.js, line 1: uncaught exception: null
JavaScript error: https://www.pinnacle.com/static/js/65.e03bf715.chunk.js, line 1: uncaught exception: null
JavaScript error: , line 0: AbortError: The operation was aborted. 
1640587695119	Marionette	INFO	Stopped listening on port 63835

###!!! [Child][RunMessage] Error: Channel closing: too late to send/recv, messages will be lost


###!!! [Child][MessageChannel::SendAndWait] Error: Channel error: cannot send/recv

1640587695965	geckodriver	INFO	Listening on 127.0.0.1:63971
1640587699003	mozrunner::runner	INFO	Running command: "C:\\Program Files\\Mozilla Firefox\\firefox.exe" "--marionette" "--remote-debugging-port" "63972" "-no-remote" "-profile" "C:\\Users\\bsaub\\AppData\\Local\\Temp\\rust_mozprofileOsQdVk"
JavaScript error: resource://gre/modules/XULStore.jsm, line 66: Error: Can't find profile directory.
console.error: SearchCache: "_readCacheFile: Error reading cache file:" (new Error("", "(unknown module)"))
1640587702795	Marionette	INFO	Listening on port 63978
1640587703225	Marionette	WARN	TLS certificate errors will be ignored for this session
JavaScript error: resource://gre/modules/PartitioningExceptionListService.jsm, line 69: NS_ERROR_MALFORMED_URI: Component returned failure code: 0x804b000a (NS_ERROR_MALFORMED_URI) [nsIPartitioningExceptionListObserver.onExceptionListUpdate]
JavaScript error: , line 0: AbortError: The operation was aborted. 
1640588232117	Marionette	INFO	Stopped listening on port 63978

###!!! [Child][RunMessage] Error: Channel closing: too late to send/recv, messages will be lost


###!!! [Child][MessageChannel::SendAndWait] Error: Channel error: cannot send/recv

source://gre/modules/XULStore.jsm, line 66: Error: Can't find profile directory.
console.error: SearchCache: "_readCacheFile: Error reading cache file:" (new Error("", "(unknown module)"))
1640588187743	Marionette	INFO	Listening on port 64357
1640588187831	Marionette	WARN	TLS certificate errors will be ignored for this session
JavaScript error: resource://gre/modules/PartitioningExceptionListService.jsm, line 69: NS_ERROR_MALFORMED_URI: Component returned failure code: 0x804b000a (NS_ERROR_MALFORMED_URI) [nsIPartitioningExceptionListObserver.onExceptionListUpdate]
JavaScript error: , line 0: AbortError: The operation was aborted. 
1640588230521	Marionette	INFO	Stopped listening on port 64357

###!!! [Child][RunMessage] Error: Channel closing: too late to send/recv, messages will be lost


###!!! [Child][MessageChannel::SendAndWait] Error: Channel error: cannot send/recv

1640588233750	geckodriver	INFO	Listening on 127.0.0.1:64491
1640588236810	mozrunner::runner	INFO	Running command: "C:\\Program Files\\Mozilla Firefox\\firefox.exe" "--marionette" "--remote-debugging-port" "64492" "-no-remote" "-profile" "C:\\Users\\bsaub\\AppData\\Local\\Temp\\rust_mozprofile75j8s4"
JavaScript error: resource://gre/modules/XULStore.jsm, line 66: Error: Can't find profile directory.
console.error: SearchCache: "_readCacheFile: Error reading cache file:" (new Error("", "(unknown module)"))
1640588238910	Marionette	INFO	Listening on port 64498
1640588238916	Marionette	WARN	TLS certificate errors will be ignored for this session
JavaScript error: resource://gre/modules/PartitioningExceptionListService.jsm, line 69: NS_ERROR_MALFORMED_URI: Component returned failure code: 0x804b000a (NS_ERROR_MALFORMED_URI) [nsIPartitioningExceptionListObserver.onExceptionListUpdate]
JavaScript error: https://www.pinnacle.com/static/js/65.e03bf715.chunk.js, line 1: uncaught exception: null
JavaScript error: https://www.pinnacle.com/static/js/65.e03bf715.chunk.js, line 1: uncaught exception: null
JavaScript error: , line 0: TypeError: NetworkError when attempting to fetch resource.
JavaScript error: , line 0: AbortError: The operation was aborted. 
1640588361624	Marionette	INFO	Stopped listening on port 64498

###!!! [Child][RunMessage] Error: Channel closing: too late to send/recv, messages will be lost


###!!! [Child][MessageChannel::SendAndWait] Error: Channel error: cannot send/recv

1640588378136	geckodriver	INFO	Listening on 127.0.0.1:57940
1640588381168	mozrunner::runner	INFO	Running command: "C:\\Program Files\\Mozilla Firefox\\firefox.exe" "--marionette" "--remote-debugging-port" "57941" "-no-remote" "-profile" "C:\\Users\\bsaub\\AppData\\Local\\Temp\\rust_mozprofileb5MZYj"
JavaScript error: resource://gre/modules/XULStore.jsm, line 66: Error: Can't find profile directory.
console.error: SearchCache: "_readCacheFile: Error reading cache file:" (new Error("", "(unknown module)"))
1640588383222	Marionette	INFO	Listening on port 57947
1640588383318	Marionette	WARN	TLS certificate errors will be ignored for this session
JavaScript error: resource://gre/modules/PartitioningExceptionListService.jsm, line 69: NS_ERROR_MALFORMED_URI: Component returned failure code: 0x804b000a (NS_ERROR_MALFORMED_URI) [nsIPartitioningExceptionListObserver.onExceptionListUpdate]
JavaScript error: , line 0: AbortError: The operation was aborted. 
1640588477380	Marionette	INFO	Stopped listening on port 57947

###!!! [Child][RunMessage] Error: Channel closing: too late to send/recv, messages will be lost


###!!! [Child][MessageChannel::SendAndWait] Error: Channel error: cannot send/recv

1640588479851	geckodriver	INFO	Listening on 127.0.0.1:58093
1640588482904	mozrunner::runner	INFO	Running command: "C:\\Program Files\\Mozilla Firefox\\firefox.exe" "--marionette" "--remote-debugging-port" "58094" "-no-remote" "-profile" "C:\\Users\\bsaub\\AppData\\Local\\Temp\\rust_mozprofileItFTaO"
JavaScript error: resource://gre/modules/XULStore.jsm, line 66: Error: Can't find profile directory.
console.error: SearchCache: "_readCacheFile: Error reading cache file:" (new Error("", "(unknown module)"))
1640588484941	Marionette	INFO	Listening on port 58100
1640588484960	Marionette	WARN	TLS certificate errors will be ignored for this session
JavaScript error: resource://gre/modules/PartitioningExceptionListService.jsm, line 69: NS_ERROR_MALFORMED_URI: Component returned failure code: 0x804b000a (NS_ERROR_MALFORMED_URI) [nsIPartitioningExceptionListObserver.onExceptionListUpdate]
JavaScript error: https://www.pinnacle.com/static/js/65.e03bf715.chunk.js, line 1: uncaught exception: null
JavaScript error: https://www.pinnacle.com/static/js/65.e03bf715.chunk.js, line 1: uncaught exception: null
JavaScript error: , line 0: AbortError: The operation was aborted. 
1640588504448	Marionette	INFO	Stopped listening on port 58100

###!!! [Child][RunMessage] Error: Channel closing: too late to send/recv, messages will be lost


###!!! [Child][MessageChannel::SendAndWait] Error: Channel error: cannot send/recv

1640588506510	geckodriver	INFO	Listening on 127.0.0.1:58215
1640588509560	mozrunner::runner	INFO	Running command: "C:\\Program Files\\Mozilla Firefox\\firefox.exe" "--marionette" "--remote-debugging-port" "58216" "-no-remote" "-profile" "C:\\Users\\bsaub\\AppData\\Local\\Temp\\rust_mozprofile3sloY3"
JavaScript error: resource://gre/modules/XULStore.jsm, line 66: Error: Can't find profile directory.
console.error: SearchCache: "_readCacheFile: Error reading cache file:" (new Error("", "(unknown module)"))
1640588511642	Marionette	INFO	Listening on port 58222
1640588511660	Marionette	WARN	TLS certificate errors will be ignored for this session
JavaScript error: resource://gre/modules/PartitioningExceptionListService.jsm, line 69: NS_ERROR_MALFORMED_URI: Component returned failure code: 0x804b000a (NS_ERROR_MALFORMED_URI) [nsIPartitioningExceptionListObserver.onExceptionListUpdate]
JavaScript error: , line 0: AbortError: The operation was aborted. 
1640589263397	Marionette	INFO	Stopped listening on port 58222

###!!! [Child][RunMessage] Error: Channel closing: too late to send/recv, messages will be lost


###!!! [Child][MessageChannel::SendAndWait] Error: Channel error: cannot send/recv

source://gre/modules/XULStore.jsm, line 66: Error: Can't find profile directory.
console.error: SearchCache: "_readCacheFile: Error reading cache file:" (new Error("", "(unknown module)"))
1640589050189	Marionette	INFO	Listening on port 60279
1640589050272	Marionette	WARN	TLS certificate errors will be ignored for this session
JavaScript error: resource://gre/modules/PartitioningExceptionListService.jsm, line 69: NS_ERROR_MALFORMED_URI: Component returned failure code: 0x804b000a (NS_ERROR_MALFORMED_URI) [nsIPartitioningExceptionListObserver.onExceptionListUpdate]
JavaScript error: , line 0: AbortError: The operation was aborted. 
1640589264311	Marionette	INFO	Stopped listening on port 60279

###!!! [Child][RunMessage] Error: Channel closing: too late to send/recv, messages will be lost


###!!! [Child][MessageChannel::SendAndWait] Error: Channel error: cannot send/recv

1640589276994	geckodriver	INFO	Listening on 127.0.0.1:60521
1640589280040	mozrunner::runner	INFO	Running command: "C:\\Program Files\\Mozilla Firefox\\firefox.exe" "--marionette" "--remote-debugging-port" "60522" "-no-remote" "-profile" "C:\\Users\\bsaub\\AppData\\Local\\Temp\\rust_mozprofilejpTD2O"
JavaScript error: resource://gre/modules/XULStore.jsm, line 66: Error: Can't find profile directory.
console.error: SearchCache: "_readCacheFile: Error reading cache file:" (new Error("", "(unknown module)"))
1640589282282	Marionette	INFO	Listening on port 60528
1640589282777	Marionette	WARN	TLS certificate errors will be ignored for this session
JavaScript error: resource://gre/modules/PartitioningExceptionListService.jsm, line 69: NS_ERROR_MALFORMED_URI: Component returned failure code: 0x804b000a (NS_ERROR_MALFORMED_URI) [nsIPartitioningExceptionListObserver.onExceptionListUpdate]
JavaScript error: , line 0: AbortError: The operation was aborted. 
1640589291884	Marionette	INFO	Stopped listening on port 60528

###!!! [Child][RunMessage] Error: Channel closing: too late to send/recv, messages will be lost


###!!! [Child][MessageChannel::SendAndWait] Error: Channel error: cannot send/recv

1640589401110	geckodriver	INFO	Listening on 127.0.0.1:52205
1640589404180	mozrunner::runner	INFO	Running command: "C:\\Program Files\\Mozilla Firefox\\firefox.exe" "--marionette" "--remote-debugging-port" "52206" "-no-remote" "-profile" "C:\\Users\\bsaub\\AppData\\Local\\Temp\\rust_mozprofileDzogZ1"
JavaScript error: resource://gre/modules/XULStore.jsm, line 66: Error: Can't find profile directory.
console.error: SearchCache: "_readCacheFile: Error reading cache file:" (new Error("", "(unknown module)"))
1640589406232	Marionette	INFO	Listening on port 52212
1640589406244	Marionette	WARN	TLS certificate errors will be ignored for this session
JavaScript error: resource://gre/modules/PartitioningExceptionListService.jsm, line 69: NS_ERROR_MALFORMED_URI: Component returned failure code: 0x804b000a (NS_ERROR_MALFORMED_URI) [nsIPartitioningExceptionListObserver.onExceptionListUpdate]
JavaScript error: https://www.pinnacle.com/static/js/65.e03bf715.chunk.js, line 1: uncaught exception: null
JavaScript error: https://www.pinnacle.com/static/js/65.e03bf715.chunk.js, line 1: uncaught exception: null
JavaScript error: , line 0: AbortError: The operation was aborted. 
1640589461029	Marionette	INFO	Stopped listening on port 52212

###!!! [Child][RunMessage] Error: Channel closing: too late to send/recv, messages will be lost


###!!! [Child][MessageChannel::SendAndWait] Error: Channel error: cannot send/recv

source://gre/modules/XULStore.jsm, line 66: Error: Can't find profile directory.
console.error: SearchCache: "_readCacheFile: Error reading cache file:" (new Error("", "(unknown module)"))
1640589433758	Marionette	INFO	Listening on port 52334
1640589433792	Marionette	WARN	TLS certificate errors will be ignored for this session
JavaScript error: resource://gre/modules/PartitioningExceptionListService.jsm, line 69: NS_ERROR_MALFORMED_URI: Component returned failure code: 0x804b000a (NS_ERROR_MALFORMED_URI) [nsIPartitioningExceptionListObserver.onExceptionListUpdate]
JavaScript error: , line 0: AbortError: The operation was aborted. 
1640589460558	Marionette	INFO	Stopped listening on port 52334

###!!! [Child][RunMessage] Error: Channel closing: too late to send/recv, messages will be lost


###!!! [Child][MessageChannel::SendAndWait] Error: Channel error: cannot send/recv

1640589463447	geckodriver	INFO	Listening on 127.0.0.1:52458
1640589465683	geckodriver	INFO	Listening on 127.0.0.1:52463
1640589468726	mozrunner::runner	INFO	Running command: "C:\\Program Files\\Mozilla Firefox\\firefox.exe" "--marionette" "--remote-debugging-port" "52464" "-no-remote" "-profile" "C:\\Users\\bsaub\\AppData\\Local\\Temp\\rust_mozprofileQoLQvg"
JavaScript error: resource://gre/modules/XULStore.jsm, line 66: Error: Can't find profile directory.
console.error: SearchCache: "_readCacheFile: Error reading cache file:" (new Error("", "(unknown module)"))
1640589470742	Marionette	INFO	Listening on port 52471
1640589470817	Marionette	WARN	TLS certificate errors will be ignored for this session
JavaScript error: resource://gre/modules/PartitioningExceptionListService.jsm, line 69: NS_ERROR_MALFORMED_URI: Component returned failure code: 0x804b000a (NS_ERROR_MALFORMED_URI) [nsIPartitioningExceptionListObserver.onExceptionListUpdate]
JavaScript error: , line 0: AbortError: The operation was aborted. 
1640589628953	Marionette	INFO	Stopped listening on port 52471

###!!! [Child][RunMessage] Error: Channel closing: too late to send/recv, messages will be lost


###!!! [Child][MessageChannel::SendAndWait] Error: Channel error: cannot send/recv

source://gre/modules/XULStore.jsm, line 66: Error: Can't find profile directory.
console.error: SearchCache: "_readCacheFile: Error reading cache file:" (new Error("", "(unknown module)"))
1640589607707	Marionette	INFO	Listening on port 52658
1640589607829	Marionette	WARN	TLS certificate errors will be ignored for this session
JavaScript error: resource://gre/modules/PartitioningExceptionListService.jsm, line 69: NS_ERROR_MALFORMED_URI: Component returned failure code: 0x804b000a (NS_ERROR_MALFORMED_URI) [nsIPartitioningExceptionListObserver.onExceptionListUpdate]
JavaScript error: , line 0: AbortError: The operation was aborted. 
1640589627387	Marionette	INFO	Stopped listening on port 52658

###!!! [Child][RunMessage] Error: Channel closing: too late to send/recv, messages will be lost


###!!! [Child][MessageChannel::SendAndWait] Error: Channel error: cannot send/recv

1640589899591	geckodriver	INFO	Listening on 127.0.0.1:52925
1640589902650	mozrunner::runner	INFO	Running command: "C:\\Program Files\\Mozilla Firefox\\firefox.exe" "--marionette" "--remote-debugging-port" "52926" "-no-remote" "-profile" "C:\\Users\\bsaub\\AppData\\Local\\Temp\\rust_mozprofilePtFRxt"
JavaScript error: resource://gre/modules/XULStore.jsm, line 66: Error: Can't find profile directory.
console.error: SearchCache: "_readCacheFile: Error reading cache file:" (new Error("", "(unknown module)"))
1640589904679	Marionette	INFO	Listening on port 52932
1640589904736	Marionette	WARN	TLS certificate errors will be ignored for this session
JavaScript error: resource://gre/modules/PartitioningExceptionListService.jsm, line 69: NS_ERROR_MALFORMED_URI: Component returned failure code: 0x804b000a (NS_ERROR_MALFORMED_URI) [nsIPartitioningExceptionListObserver.onExceptionListUpdate]
JavaScript error: , line 0: AbortError: The operation was aborted. 
1640589936017	Marionette	INFO	Stopped listening on port 52932

###!!! [Child][RunMessage] Error: Channel closing: too late to send/recv, messages will be lost


###!!! [Child][MessageChannel::SendAndWait] Error: Channel error: cannot send/recv

1640589937544	geckodriver	INFO	Listening on 127.0.0.1:53050
1640589940589	mozrunner::runner	INFO	Running command: "C:\\Program Files\\Mozilla Firefox\\firefox.exe" "--marionette" "--remote-debugging-port" "53051" "-no-remote" "-profile" "C:\\Users\\bsaub\\AppData\\Local\\Temp\\rust_mozprofileH3hXOs"
JavaScript error: resource://gre/modules/XULStore.jsm, line 66: Error: Can't find profile directory.
console.error: SearchCache: "_readCacheFile: Error reading cache file:" (new Error("", "(unknown module)"))
1640589942575	Marionette	INFO	Listening on port 53058
1640589942645	Marionette	WARN	TLS certificate errors will be ignored for this session
JavaScript error: resource://gre/modules/PartitioningExceptionListService.jsm, line 69: NS_ERROR_MALFORMED_URI: Component returned failure code: 0x804b000a (NS_ERROR_MALFORMED_URI) [nsIPartitioningExceptionListObserver.onExceptionListUpdate]
JavaScript error: , line 0: AbortError: The operation was aborted. 
1640590034152	Marionette	INFO	Stopped listening on port 53058

###!!! [Child][RunMessage] Error: Channel closing: too late to send/recv, messages will be lost


###!!! [Child][MessageChannel::SendAndWait] Error: Channel error: JavaScript error: resource://gre/modules/XULStore.jsm, line 66: Error: Can't find profile directory.
console.error: SearchCache: "_readCacheFile: Error reading cache file:" (new Error("", "(unknown module)"))
1640590035636	Marionette	INFO	Listening on port 53211
1640590036143	Marionette	WARN	TLS certificate errors will be ignored for this session
JavaScript error: resource://gre/modules/PartitioningExceptionListService.jsm, line 69: NS_ERROR_MALFORMED_URI: Component returned failure code: 0x804b000a (NS_ERROR_MALFORMED_URI) [nsIPartitioningExceptionListObserver.onExceptionListUpdate]
JavaScript error: , line 0: AbortError: The operation was aborted. 
1640590120901	Marionette	INFO	Stopped listening on port 53211

###!!! [Child][RunMessage] Error: Channel closing: too late to send/recv, messages will be lost


###!!! [Child][MessageChannel::SendAndWait] Error: Channel error: cannot send/recv

river	INFO	Listening on 127.0.0.1:53369
1640590105669	mozrunner::runner	INFO	Running command: "C:\\Program Files\\Mozilla Firefox\\firefox.exe" "--marionette" "--remote-debugging-port" "53370" "-no-remote" "-profile" "C:\\Users\\bsaub\\AppData\\Local\\Temp\\rust_mozprofilev6mAXf"
JavaScript error: resource://gre/modules/XULStore.jsm, line 66: Error: Can't find profile directory.
console.error: SearchCache: "_readCacheFile: Error reading cache file:" (new Error("", "(unknown module)"))
1640590107701	Marionette	INFO	Listening on port 53377
1640590107730	Marionette	WARN	TLS certificate errors will be ignored for this session
JavaScript error: resource://gre/modules/PartitioningExceptionListService.jsm, line 69: NS_ERROR_MALFORMED_URI: Component returned failure code: 0x804b000a (NS_ERROR_MALFORMED_URI) [nsIPartitioningExceptionListObserver.onExceptionListUpdate]
JavaScript error: , line 0: AbortError: The operation was aborted. 
1640590118303	Marionette	INFO	Stopped listening on port 53377

###!!! [Child][RunMessage] Error: Channel closing: too late to send/recv, messages will be lost


###!!! [Child][MessageChannel::SendAndWait] Error: Channel error: cannot send/recv

1640590119533	geckodriver	INFO	Listening on 127.0.0.1:53487
1640590122598	mozrunner::runner	INFO	Running command: "C:\\Program Files\\Mozilla Firefox\\firefox.exe" "--marionette" "--remote-debugging-port" "53488" "-no-remote" "-profile" "C:\\Users\\bsaub\\AppData\\Local\\Temp\\rust_mozprofileh9wslT"
JavaScript error: resource://gre/modules/XULStore.jsm, line 66: Error: Can't find profile directory.
console.error: SearchCache: "_readCacheFile: Error reading cache file:" (new Error("", "(unknown module)"))
1640590124619	Marionette	INFO	Listening on port 53496
1640590124662	Marionette	WARN	TLS certificate errors will be ignored for this session
JavaScript error: resource://gre/modules/PartitioningExceptionListService.jsm, line 69: NS_ERROR_MALFORMED_URI: Component returned failure code: 0x804b000a (NS_ERROR_MALFORMED_URI) [nsIPartitioningExceptionListObserver.onExceptionListUpdate]
1640590163403	geckodriver	INFO	Listening on 127.0.0.1:53620
1640590166448	mozrunner::runner	INFO	Running command: "C:\\Program Files\\Mozilla Firefox\\firefox.exe" "--marionette" "--remote-debugging-port" "53621" "-no-remote" "-profile" "C:\\Users\\bsaub\\AppData\\Local\\Temp\\rust_mozprofileFQlgoz"
JavaScript error: resource://gre/modules/XULStore.jsm, line 66: Error: Can't find profile directory.
console.error: SearchCache: "_readCacheFile: Error reading cache file:" (new Error("", "(unknown module)"))
1640590168517	Marionette	INFO	Listening on port 53628
1640590168620	Marionette	WARN	TLS certificate errors will be ignored for this session
JavaScript error: resource://gre/modules/PartitioningExceptionListService.jsm, line 69: NS_ERROR_MALFORMED_URI: Component returned failure code: 0x804b000a (NS_ERROR_MALFORMED_URI) [nsIPartitioningExceptionListObserver.onExceptionListUpdate]
1640590633468	geckodriver	INFO	Listening on 127.0.0.1:53995
1640590636513	mozrunner::runner	INFO	Running command: "C:\\Program Files\\Mozilla Firefox\\firefox.exe" "--marionette" "--remote-debugging-port" "53996" "-no-remote" "-profile" "C:\\Users\\bsaub\\AppData\\Local\\Temp\\rust_mozprofileeUCE91"
JavaScript error: resource://gre/modules/XULStore.jsm, line 66: Error: Can't find profile directory.
console.error: SearchCache: "_readCacheFile: Error reading cache file:" (new Error("", "(unknown module)"))
1640590638548	Marionette	INFO	Listening on port 54004
1640590638605	Marionette	WARN	TLS certificate errors will be ignored for this session
JavaScript error: resource://gre/modules/PartitioningExceptionListService.jsm, line 69: NS_ERROR_MALFORMED_URI: Component returned failure code: 0x804b000a (NS_ERROR_MALFORMED_URI) [nsIPartitioningExceptionListObserver.onExceptionListUpdate]
JavaScript error: https://www.pinnacle.com/static/js/65.e03bf715.chunk.js, line 1: uncaught exception: null
JavaScript error: https://www.pinnacle.com/static/js/65.e03bf715.chunk.js, line 1: uncaught exception: null
JavaScript error: , line 0: AbortError: The operation was aborted. 
1640590651073	Marionette	INFO	Stopped listening on port 54004

###!!! [Child][RunMessage] Error: Channel closing: too late to send/recv, messages will be lost


###!!! [Child][MessageChannel::SendAndWait] Error: Channel error: cannot send/recv

1640590666808	geckodriver	INFO	Listening on 127.0.0.1:54124
1640590669844	mozrunner::runner	INFO	Running command: "C:\\Program Files\\Mozilla Firefox\\firefox.exe" "--marionette" "--remote-debugging-port" "54125" "-no-remote" "-profile" "C:\\Users\\bsaub\\AppData\\Local\\Temp\\rust_mozprofile3R8dM6"
JavaScript error: resource://gre/modules/XULStore.jsm, line 66: Error: Can't find profile directory.
console.error: SearchCache: "_readCacheFile: Error reading cache file:" (new Error("", "(unknown module)"))
1640590671951	Marionette	INFO	Listening on port 54131
1640590672040	Marionette	WARN	TLS certificate errors will be ignored for this session
JavaScript error: resource://gre/modules/PartitioningExceptionListService.jsm, line 69: NS_ERROR_MALFORMED_URI: Component returned failure code: 0x804b000a (NS_ERROR_MALFORMED_URI) [nsIPartitioningExceptionListObserver.onExceptionListUpdate]
JavaScript error: , line 0: AbortError: The operation was aborted. 
1640590862279	Marionette	INFO	Stopped listening on port 54131

###!!! [Child][RunMessage] Error: Channel closing: too late to send/recv, messages will be lost


###!!! [Child][MessageChannel::SendAndWait] Error: Channel error: cannot send/recv

1640591040962	geckodriver	INFO	Listening on 127.0.0.1:63143
1640591044011	mozrunner::runner	INFO	Running command: "C:\\Program Files\\Mozilla Firefox\\firefox.exe" "--marionette" "--remote-debugging-port" "63144" "-no-remote" "-profile" "C:\\Users\\bsaub\\AppData\\Local\\Temp\\rust_mozprofileFj3rz2"
JavaScript error: resource://gre/modules/XULStore.jsm, line 66: Error: Can't find profile directory.
console.error: SearchCache: "_readCacheFile: Error reading cache file:" (new Error("", "(unknown module)"))
1640591046303	Marionette	INFO	Listening on port 63153
1640591046718	Marionette	WARN	TLS certificate errors will be ignored for this session
JavaScript error: resource://gre/modules/PartitioningExceptionListService.jsm, line 69: NS_ERROR_MALFORMED_URI: Component returned failure code: 0x804b000a (NS_ERROR_MALFORMED_URI) [nsIPartitioningExceptionListObserver.onExceptionListUpdate]
JavaScript error: , line 0: AbortError: The operation was aborted. 
[Parent 22000, Gecko_IOThread] WARNING: file /builds/worker/checkouts/gecko/ipc/chromium/src/base/process_util_win.cc, line 166
1640591054601	Marionette	INFO	Stopped listening on port 63153

###!!! [Child][RunMessage] Error: Channel closing: too late to send/recv, messages will be lost


###!!! [Child][MessageChannel::SendAndWait] Error: Channel error: cannot send/recv

